{"level":"info","message":"Application is running! Port: 8080"}
{"level":"info","message":"Sending 'setWebhook' request for url: %s, isInline: %s"}
{"chat_hostname":"SN-CHAT-03_","level":"error","message":"Response error","status":1,"status_message":"URL not valid or not HTTPS"}
{"level":"info","message":"Application is running! Port: 8080"}
{"level":"info","message":"Sending 'setWebhook' request for url: %s, isInline: %s"}
{"chat_hostname":"SN-CHAT-03_","level":"error","message":"Response error","status":1}
{"level":"info","message":"Application is running! Port: 8080"}
{"level":"info","message":"Sending 'setWebhook' request for url: %s, isInline: %s"}
{"chat_hostname":"SN-CHAT-12_","level":"error","message":"Response error","status":1}
{"level":"info","message":"Application is running! Port: 8080"}
{"level":"info","message":"Sending 'setWebhook' request for url: %s, isInline: %s"}
{"chat_hostname":"SN-CHAT-01_","level":"error","message":"Response error","status":1}
{"level":"info","message":"Application is running! Port: 3000"}
{"level":"info","message":"Sending 'setWebhook' request for url: %s, isInline: %s"}
{"chat_hostname":"SN-CHAT-04_","level":"error","message":"Response error","status":1}
{"level":"info","message":"Application is running! Port: 3000"}
{"level":"info","message":"Sending 'setWebhook' request for url: %s, isInline: %s"}
{"chat_hostname":"SN-CHAT-02_","level":"error","message":"Response error","status":1}
{"level":"info","message":"Application is running! Port: 3000"}
{"level":"info","message":"expose_domain:https://localhost:3000 expose_uri_pass:/viber/webhook"}
{"level":"info","message":"Sending 'setWebhook' request for url: %s, isInline: %s"}
{"chat_hostname":"SN-CHAT-12_","level":"error","message":"Response error","status":1}
{"level":"info","message":"Application is running! Port: 3000"}
{"level":"info","message":"expose_domain:http://localhost:3000 expose_uri_pass:/viber/webhook"}
{"level":"info","message":"Sending 'setWebhook' request for url: %s, isInline: %s"}
{"chat_hostname":"SN-CHAT-04_","level":"error","message":"Response error","status":1,"status_message":"URL not valid or not HTTPS"}
{"level":"info","message":"Application is running! Port: 3000"}
{"level":"info","message":"expose_domain:https://localhost:3000 expose_uri_pass:/viber/webhook"}
{"level":"info","message":"Sending 'setWebhook' request for url: %s, isInline: %s"}
{"chat_hostname":"SN-CHAT-02_","level":"error","message":"Response error","status":1}
{"level":"info","message":"Application is running! Port: 3000"}
{"level":"info","message":"expose_domain:https://localhost:3000 expose_uri_pass:/viber/webhook"}
{"level":"info","message":"Sending 'setWebhook' request for url: %s, isInline: %s"}
{"chat_hostname":"SN-CHAT-04_","level":"error","message":"Response error","status":1}
{"level":"info","message":"Application is running! Port: 3000"}
{"level":"info","message":"expose_domain:https://localhost:3000 expose_uri_pass:/viber/webhook"}
{"level":"info","message":"Sending 'setWebhook' request for url: %s, isInline: %s"}
{"chat_hostname":"SN-CHAT-04_","level":"error","message":"Response error","status":1}
{"level":"info","message":"Application is running! Port: 8080"}
{"level":"info","message":"expose_domain:https://www.viber.com/oknasofbot expose_uri_pass:/viber/webhook"}
{"level":"info","message":"Sending 'setWebhook' request for url: %s, isInline: %s"}
{"chat_hostname":"SN-CHAT-03_","level":"error","message":"Response error","status":1}
{"level":"info","message":"Application is running! Port: 8080"}
{"level":"info","message":"expose_domain:https://www.viber.com/oknasofbot expose_uri_pass:/viber/webhook"}
{"level":"info","message":"Sending 'setWebhook' request for url: %s, isInline: %s"}
{"chat_hostname":"SN-CHAT-12_","level":"error","message":"Response error","status":1}
{"level":"info","message":"Application is running! Port: 8080"}
{"level":"info","message":"expose_domain:https://www.viber.com/oknasofbot expose_uri_pass:/viber/webhook"}
{"level":"info","message":"Sending 'setWebhook' request for url: %s, isInline: %s"}
{"chat_hostname":"SN-CHAT-04_","level":"error","message":"Response error","status":1}
{"level":"info","message":"Application is running! Port: 8080"}
{"level":"info","message":"expose_domain:https://www.viber.com/oknasofbot expose_uri_pass:/viber/webhook"}
{"level":"info","message":"Sending 'setWebhook' request for url: %s, isInline: %s"}
{"chat_hostname":"SN-CHAT-03_","level":"error","message":"Response error","status":1}
{"level":"info","message":"Application is running! Port: 8080"}
{"level":"info","message":"expose_domain:https://www.viber.com/oknasofbot expose_uri_pass:/viber/webhook"}
{"level":"info","message":"Sending 'setWebhook' request for url: %s, isInline: %s"}
{"chat_hostname":"SN-CHAT-02_","level":"error","message":"Response error","status":1}
{"level":"info","message":"Application is running! Port: 8080"}
{"level":"info","message":"expose_domain:https://www.viber.com/oknasofbot expose_uri_pass:/viber/webhook"}
{"level":"info","message":"Sending 'setWebhook' request for url: %s, isInline: %s"}
{"chat_hostname":"SN-CHAT-02_","level":"error","message":"Response error","status":1}
{"level":"info","message":"Application is running! Port: 8080"}
{"level":"info","message":"expose_domain:https://www.viber.com/oknasofbot expose_uri_pass:/viber/webhook"}
{"level":"info","message":"Sending 'setWebhook' request for url: %s, isInline: %s"}
{"level":"info","message":"Application is running! Port: 8080"}
{"level":"info","message":"expose_domain:https://webhook.site/0ac43896-99be-4f5b-af31-d7feeccf73b4 expose_uri_pass:/viber/webhook"}
{"level":"info","message":"Sending 'setWebhook' request for url: %s, isInline: %s"}
{"level":"info","message":"Application is running! Port: 8080"}
{"level":"info","message":"expose_domain:https://webhook.site/0ac43896-99be-4f5b-af31-d7feeccf73b4 expose_uri_pass:/viber/webhook"}
{"level":"info","message":"Sending 'setWebhook' request for url: %s, isInline: %s"}
{"level":"info","message":"Application is running! Port: 8080"}
{"level":"info","message":"expose_domain:https://webhook.site/0ac43896-99be-4f5b-af31-d7feeccf73b4 expose_uri_pass:/viber/webhook"}
{"level":"info","message":"Sending 'setWebhook' request for url: %s, isInline: %s"}
